[0mCompiling "target/ios/not-used.js" from ["src" "env/dev"]...
notifying browser that file changed:  target/ios/goog/deps.js
notifying browser that file changed:  target/ios/cljs_deps.js
notifying browser that file changed:  out/bloom/ios/core.js
[32mSuccessfully compiled "target/ios/not-used.js" in 0.619 seconds.[0m
[0mCompiling "target/ios/not-used.js" from ["src" "env/dev"]...
notifying browser that file changed:  out/bloom/ios/core.js
[32mSuccessfully compiled "target/ios/not-used.js" in 0.391 seconds.[0m
[0mCompiling "target/ios/not-used.js" from ["src" "env/dev"]...
notifying browser that file changed:  out/bloom/ios/core.js
[32mSuccessfully compiled "target/ios/not-used.js" in 0.36 seconds.[0m
[0mCompiling "target/ios/not-used.js" from ["src" "env/dev"]...
notifying browser that file changed:  out/bloom/ios/core.js
[32mSuccessfully compiled "target/ios/not-used.js" in 0.336 seconds.[0m
[0mCompiling "target/ios/not-used.js" from ["src" "env/dev"]...
notifying browser that file changed:  out/bloom/ios/core.js
[32mSuccessfully compiled "target/ios/not-used.js" in 0.321 seconds.[0m
[0mCompiling "target/ios/not-used.js" from ["src" "env/dev"]...
notifying browser that file changed:  out/bloom/ios/core.js
[32mSuccessfully compiled "target/ios/not-used.js" in 0.655 seconds.[0m
[0mCompiling "target/ios/not-used.js" from ["src" "env/dev"]...
notifying browser that file changed:  out/bloom/ios/core.js
[32mSuccessfully compiled "target/ios/not-used.js" in 0.509 seconds.[0m
[0mCompiling "target/ios/not-used.js" from ["src" "env/dev"]...
notifying browser that file changed:  out/bloom/ios/core.js
[32mSuccessfully compiled "target/ios/not-used.js" in 0.371 seconds.[0m
[0mCompiling "target/ios/not-used.js" from ["src" "env/dev"]...
notifying browser that file changed:  out/bloom/ios/core.js
[32mSuccessfully compiled "target/ios/not-used.js" in 0.412 seconds.[0m
[0mCompiling "target/ios/not-used.js" from ["src" "env/dev"]...
notifying browser that file changed:  out/bloom/ios/core.js
[32mSuccessfully compiled "target/ios/not-used.js" in 0.327 seconds.[0m
[0mCompiling "target/ios/not-used.js" from ["src" "env/dev"]...
notifying browser that file changed:  out/bloom/ios/core.js
[32mSuccessfully compiled "target/ios/not-used.js" in 0.443 seconds.[0m
[0mCompiling "target/ios/not-used.js" from ["src" "env/dev"]...
notifying browser that file changed:  out/bloom/ios/core.js
[32mSuccessfully compiled "target/ios/not-used.js" in 0.315 seconds.[0m
[0mCompiling "target/ios/not-used.js" from ["src" "env/dev"]...
notifying browser that file changed:  out/bloom/state.js
[32mSuccessfully compiled "target/ios/not-used.js" in 0.43 seconds.[0m
